[15508:23444:0616/092555.196:WARNING:chrome_main_delegate.cc(745)] This is Chrome version 128.0.6613.138 (not a warning)
[15508:2340:0616/092555.230:ERROR:google_update_settings.cc(265)] Failed opening key Software\Chromium to set usagestats; result: 5
[15508:23444:0616/092555.256:WARNING:account_consistency_mode_manager.cc(77)] Desktop Identity Consistency cannot be enabled as no OAuth client ID and client secret have been configured.
[15296:4568:0616/092600.318:WARNING:frame_impl.cc(430)] virtual CefFrameImpl::SendProcessMessage sent to detached frame 5-F74CAD67E6C2141B26CA379C428014E9 will be ignored
[15508:15732:0616/092600.948:WARNING:browser_info.cc(345)] Returning a speculative frame for [7,9]
[15508:23444:0616/092601.049:WARNING:browser_info.cc(345)] Returning a speculative frame for [8,9]
[15508:23444:0616/092601.049:WARNING:browser_info.cc(345)] Returning a speculative frame for [8,9]
[15508:23444:0616/092601.049:WARNING:browser_info.cc(345)] Returning a speculative frame for [8,9]
[15508:23444:0616/092601.049:WARNING:browser_info.cc(345)] Returning a speculative frame for [8,9]
[15508:15732:0616/092601.060:WARNING:browser_info.cc(345)] Returning a speculative frame for [8,9]
[21736:23696:0616/092605.746:WARNING:codec.cc(525)] Explicitly added H264 constrained baseline to list of supported formats.
[21736:23696:0616/092606.124:WARNING:codec.cc(525)] Explicitly added H264 constrained baseline to list of supported formats.
[21736:19328:0616/092606.133:WARNING:codec.cc(525)] Explicitly added H264 constrained baseline to list of supported formats.
[21736:19328:0616/092606.133:WARNING:codec.cc(525)] Explicitly added H264 constrained baseline to list of supported formats.
[21736:19328:0616/092606.134:WARNING:codec.cc(525)] Explicitly added H264 constrained baseline to list of supported formats.
[12172:18672:0616/092606.423:WARNING:host_resolver_dns_task.cc(863)] Address list empty after RFC3484 sort
[12172:18672:0616/092606.426:ERROR:socket_manager.cc(147)] Failed to resolve address for stun.cloudflare.com., errorcode: -105
[12172:18672:0616/092606.426:ERROR:socket_manager.cc(147)] Failed to resolve address for stun.cloudflare.com., errorcode: -105
[12172:18672:0616/092606.426:ERROR:socket_manager.cc(147)] Failed to resolve address for stun.cloudflare.com., errorcode: -105
[21736:19328:0616/092606.426:WARNING:stun_port.cc(442)] Port[5ae8800:0:1:0:host:Net[any:0:0:0:x:x:x:x:x/0:Wildcard:id=0]]: StunPort: stun host lookup received error -1
[21736:19328:0616/092606.426:WARNING:stun_port.cc(442)] Port[5ae9000:1:1:0:host:Net[any:0:0:0:x:x:x:x:x/0:Wildcard:id=0]]: StunPort: stun host lookup received error -1
[21736:19328:0616/092606.426:WARNING:stun_port.cc(442)] Port[5ae9800:2:1:0:host:Net[any:0:0:0:x:x:x:x:x/0:Wildcard:id=0]]: StunPort: stun host lookup received error -1
[15508:23444:0616/092631.706:WARNING:pref_notifier_impl.cc(41)] Pref observer for media_router.cast_allow_all_ips found at shutdown.
